<?xml version="1.0" encoding="UTF-8"?>
<!-- Generated by org.testng.reporters.JUnitReportReporter -->
<testsuite hostname="DESKTOP-1V52OPT" failures="0" tests="1" name="tests.LogIn" time="4.167" errors="0" timestamp="2023-09-13T23:21:54 IST" skipped="0">
  <testcase classname="tests.LogIn" name="login" time="4.167"/>
  <system-out/>
</testsuite> <!-- tests.LogIn -->
